<?xml version="1.0" encoding="UTF-8"?>
<testsuite xmlns:xsi="http://www.w3.org/2001/XMLSchema-instance" xsi:noNamespaceSchemaLocation="https://maven.apache.org/surefire/maven-surefire-plugin/xsd/surefire-test-report-3.0.xsd" version="3.0" name="modele.TestCalculatriceDynamiqueDuFuturImpl" time="0.096" tests="4" errors="0" skipped="0" failures="0">
  <properties>
    <property name="sun.desktop" value="windows"/>
    <property name="awt.toolkit" value="sun.awt.windows.WToolkit"/>
    <property name="java.specification.version" value="11"/>
    <property name="sun.cpu.isalist" value="amd64"/>
    <property name="sun.jnu.encoding" value="Cp1252"/>
    <property name="java.class.path" value="C:\Users\Nicolas\OneDrive\Documents\Cours\S6\PNT\td3\td-struts-exercice1\modeles\modelecalculatricedynamique-2.0\target\test-classes;C:\Users\Nicolas\OneDrive\Documents\Cours\S6\PNT\td3\td-struts-exercice1\modeles\modelecalculatricedynamique-2.0\target\classes;C:\Users\Nicolas\.m2\repository\junit\junit\4.5\junit-4.5.jar;"/>
    <property name="java.vm.vendor" value="Amazon.com Inc."/>
    <property name="sun.arch.data.model" value="64"/>
    <property name="user.variant" value=""/>
    <property name="java.vendor.url" value="https://aws.amazon.com/corretto/"/>
    <property name="user.timezone" value="Europe/Paris"/>
    <property name="java.vm.specification.version" value="11"/>
    <property name="os.name" value="Windows 11"/>
    <property name="sun.java.launcher" value="SUN_STANDARD"/>
    <property name="user.country" value="FR"/>
    <property name="sun.boot.library.path" value="C:\Users\Nicolas\.jdks\corretto-11.0.26\bin"/>
    <property name="sun.java.command" value="C:\Users\Nicolas\AppData\Local\Temp\surefire10497576883296683933\surefirebooter-20250127140324943_3.jar C:\Users\Nicolas\AppData\Local\Temp\surefire10497576883296683933 2025-01-27T14-03-24_592-jvmRun1 surefire-20250127140324943_1tmp surefire_0-20250127140324943_2tmp"/>
    <property name="jdk.debug" value="release"/>
    <property name="surefire.test.class.path" value="C:\Users\Nicolas\OneDrive\Documents\Cours\S6\PNT\td3\td-struts-exercice1\modeles\modelecalculatricedynamique-2.0\target\test-classes;C:\Users\Nicolas\OneDrive\Documents\Cours\S6\PNT\td3\td-struts-exercice1\modeles\modelecalculatricedynamique-2.0\target\classes;C:\Users\Nicolas\.m2\repository\junit\junit\4.5\junit-4.5.jar;"/>
    <property name="sun.cpu.endian" value="little"/>
    <property name="user.home" value="C:\Users\Nicolas"/>
    <property name="user.language" value="fr"/>
    <property name="java.specification.vendor" value="Oracle Corporation"/>
    <property name="java.version.date" value="2025-01-21"/>
    <property name="java.home" value="C:\Users\Nicolas\.jdks\corretto-11.0.26"/>
    <property name="file.separator" value="\"/>
    <property name="basedir" value="C:\Users\Nicolas\OneDrive\Documents\Cours\S6\PNT\td3\td-struts-exercice1\modeles\modelecalculatricedynamique-2.0"/>
    <property name="java.vm.compressedOopsMode" value="Zero based"/>
    <property name="line.separator" value="&#10;"/>
    <property name="java.specification.name" value="Java Platform API Specification"/>
    <property name="java.vm.specification.vendor" value="Oracle Corporation"/>
    <property name="java.awt.graphicsenv" value="sun.awt.Win32GraphicsEnvironment"/>
    <property name="surefire.real.class.path" value="C:\Users\Nicolas\AppData\Local\Temp\surefire10497576883296683933\surefirebooter-20250127140324943_3.jar"/>
    <property name="user.script" value=""/>
    <property name="sun.management.compiler" value="HotSpot 64-Bit Tiered Compilers"/>
    <property name="java.runtime.version" value="11.0.26+4-LTS"/>
    <property name="user.name" value="Nicolas"/>
    <property name="path.separator" value=";"/>
    <property name="os.version" value="10.0"/>
    <property name="java.runtime.name" value="OpenJDK Runtime Environment"/>
    <property name="file.encoding" value="Cp1252"/>
    <property name="java.vm.name" value="OpenJDK 64-Bit Server VM"/>
    <property name="java.vendor.version" value="Corretto-11.0.26.4.1"/>
    <property name="localRepository" value="C:\Users\Nicolas\.m2\repository"/>
    <property name="java.vendor.url.bug" value="https://github.com/corretto/corretto-11/issues/"/>
    <property name="java.io.tmpdir" value="C:\Users\Nicolas\AppData\Local\Temp\"/>
    <property name="idea.version" value="2023.3.6"/>
    <property name="java.version" value="11.0.26"/>
    <property name="user.dir" value="C:\Users\Nicolas\OneDrive\Documents\Cours\S6\PNT\td3\td-struts-exercice1\modeles\modelecalculatricedynamique-2.0"/>
    <property name="os.arch" value="amd64"/>
    <property name="java.vm.specification.name" value="Java Virtual Machine Specification"/>
    <property name="java.awt.printerjob" value="sun.awt.windows.WPrinterJob"/>
    <property name="sun.os.patch.level" value=""/>
    <property name="java.library.path" value="C:\Users\Nicolas\.jdks\corretto-11.0.26\bin;C:\WINDOWS\Sun\Java\bin;C:\WINDOWS\system32;C:\WINDOWS;C:\Python312\Scripts\;C:\Python312\;C:\Program Files\Common Files\Oracle\Java\javapath;C:\Program Files (x86)\Common Files\Oracle\Java\java8path;C:\Program Files (x86)\Common Files\Oracle\Java\javapath;C:\WINDOWS\system32;C:\WINDOWS;C:\WINDOWS\System32\Wbem;C:\WINDOWS\System32\WindowsPowerShell\v1.0\;C:\WINDOWS\System32\OpenSSH\;C:\Program Files\dotnet\;C:\ProgramData\ComposerSetup\bin;C:\Program Files\Docker\Docker\resources\bin;C:\Program Files\Git\cmd;C:\Program Files\nodejs\;C:\ProgramData\chocolatey\bin;C:\Program Files\Elixir\bin;C:\Program Files\Erlang OTP\bin;C:\Program Files\MySQL\MySQL Shell 8.0\bin\;C:\Users\Nicolas\AppData\Local\Programs\DISKUV~1\bin;C:\Users\Nicolas\AppData\Local\Programs\DISKUV~1\usr\bin;C:\Users\Nicolas\scoop\shims;C:\Users\Nicolas\AppData\Roaming\.dotnet;C:\Users\Nicolas\AppData\Local\Programs\Python\Python310\Scripts\;C:\Users\Nicolas\AppData\Local\Programs\Python\Python310\;C:\Users\Nicolas\AppData\Local\Microsoft\WindowsApps;C:\Users\Nicolas\AppData\Local\Programs\Microsoft VS Code\bin;C:\Users\Nicolas\.dotnet\tools;C:\Program Files\PHP;C:\Program Files\JetBrains\IntelliJ IDEA 2023.2.1\bin;C:\Users\Nicolas\AppData\Local\GitHubDesktop\bin;C:\Users\Nicolas\AppData\Roaming\Composer\vendor\bin;C:\Users\Nicolas\AppData\Local\JetBrains\Toolbox\scripts;C:\Users\Nicolas\AppData\Roaming\npm;."/>
    <property name="java.vm.info" value="mixed mode"/>
    <property name="java.vendor" value="Amazon.com Inc."/>
    <property name="java.vm.version" value="11.0.26+4-LTS"/>
    <property name="java.specification.maintenance.version" value="3"/>
    <property name="sun.io.unicode.encoding" value="UnicodeLittle"/>
    <property name="java.class.version" value="55.0"/>
  </properties>
  <testcase name="testOperationModule" classname="modele.TestCalculatriceDynamiqueDuFuturImpl" time="0.049"/>
  <testcase name="testOperationSommes" classname="modele.TestCalculatriceDynamiqueDuFuturImpl" time="0.0"/>
  <testcase name="testOperationDivision" classname="modele.TestCalculatriceDynamiqueDuFuturImpl" time="0.0"/>
  <testcase name="testOperationPythagore" classname="modele.TestCalculatriceDynamiqueDuFuturImpl" time="0.0"/>
</testsuite>